Grammar

    0 $accept: program $end

    1 program: program term
    2        | term

    3 term: AND
    4     | BOOL
    5     | BREAK
    6     | BY
    7     | CHAR
    8     | DO
    9     | ELSE
   10     | FOR
   11     | IF
   12     | INT
   13     | NOT
   14     | OR
   15     | RETURN
   16     | STATIC
   17     | THEN
   18     | TO
   19     | WHILE
   20     | BOOLCONST
   21     | OP
   22     | EQ
   23     | LEQ
   24     | GEQ
   25     | MIN
   26     | MAX
   27     | NEQ
   28     | ADDASS
   29     | SUBASS
   30     | MULASS
   31     | DIVASS
   32     | INC
   33     | DEC
   34     | ID
   35     | NUMCONST
   36     | CHARCONST
   37     | STRINGCONST
   38     | PRECOMPILER
   39     | ERROR


Terminals, with rules where they appear

$end (0) 0
error (256)
AND (258) 3
BOOL (259) 4
BREAK (260) 5
BY (261) 6
CHAR (262) 7
DO (263) 8
ELSE (264) 9
FOR (265) 10
IF (266) 11
INT (267) 12
NOT (268) 13
OR (269) 14
RETURN (270) 15
STATIC (271) 16
THEN (272) 17
TO (273) 18
WHILE (274) 19
BOOLCONST (275) 20
OP (276) 21
EQ (277) 22
LEQ (278) 23
GEQ (279) 24
MIN (280) 25
MAX (281) 26
NEQ (282) 27
ADDASS (283) 28
SUBASS (284) 29
MULASS (285) 30
DIVASS (286) 31
INC (287) 32
DEC (288) 33
ID (289) 34
NUMCONST (290) 35
CHARCONST (291) 36
STRINGCONST (292) 37
PRECOMPILER (293) 38
ERROR (294) 39


Nonterminals, with rules where they appear

$accept (40)
    on left: 0
program (41)
    on left: 1 2, on right: 0 1
term (42)
    on left: 3 4 5 6 7 8 9 10 11 12 13 14 15 16 17 18 19 20 21 22 23
    24 25 26 27 28 29 30 31 32 33 34 35 36 37 38 39, on right: 1 2


State 0

    0 $accept: . program $end

    AND          shift, and go to state 1
    BOOL         shift, and go to state 2
    BREAK        shift, and go to state 3
    BY           shift, and go to state 4
    CHAR         shift, and go to state 5
    DO           shift, and go to state 6
    ELSE         shift, and go to state 7
    FOR          shift, and go to state 8
    IF           shift, and go to state 9
    INT          shift, and go to state 10
    NOT          shift, and go to state 11
    OR           shift, and go to state 12
    RETURN       shift, and go to state 13
    STATIC       shift, and go to state 14
    THEN         shift, and go to state 15
    TO           shift, and go to state 16
    WHILE        shift, and go to state 17
    BOOLCONST    shift, and go to state 18
    OP           shift, and go to state 19
    EQ           shift, and go to state 20
    LEQ          shift, and go to state 21
    GEQ          shift, and go to state 22
    MIN          shift, and go to state 23
    MAX          shift, and go to state 24
    NEQ          shift, and go to state 25
    ADDASS       shift, and go to state 26
    SUBASS       shift, and go to state 27
    MULASS       shift, and go to state 28
    DIVASS       shift, and go to state 29
    INC          shift, and go to state 30
    DEC          shift, and go to state 31
    ID           shift, and go to state 32
    NUMCONST     shift, and go to state 33
    CHARCONST    shift, and go to state 34
    STRINGCONST  shift, and go to state 35
    PRECOMPILER  shift, and go to state 36
    ERROR        shift, and go to state 37

    program  go to state 38
    term     go to state 39


State 1

    3 term: AND .

    $default  reduce using rule 3 (term)


State 2

    4 term: BOOL .

    $default  reduce using rule 4 (term)


State 3

    5 term: BREAK .

    $default  reduce using rule 5 (term)


State 4

    6 term: BY .

    $default  reduce using rule 6 (term)


State 5

    7 term: CHAR .

    $default  reduce using rule 7 (term)


State 6

    8 term: DO .

    $default  reduce using rule 8 (term)


State 7

    9 term: ELSE .

    $default  reduce using rule 9 (term)


State 8

   10 term: FOR .

    $default  reduce using rule 10 (term)


State 9

   11 term: IF .

    $default  reduce using rule 11 (term)


State 10

   12 term: INT .

    $default  reduce using rule 12 (term)


State 11

   13 term: NOT .

    $default  reduce using rule 13 (term)


State 12

   14 term: OR .

    $default  reduce using rule 14 (term)


State 13

   15 term: RETURN .

    $default  reduce using rule 15 (term)


State 14

   16 term: STATIC .

    $default  reduce using rule 16 (term)


State 15

   17 term: THEN .

    $default  reduce using rule 17 (term)


State 16

   18 term: TO .

    $default  reduce using rule 18 (term)


State 17

   19 term: WHILE .

    $default  reduce using rule 19 (term)


State 18

   20 term: BOOLCONST .

    $default  reduce using rule 20 (term)


State 19

   21 term: OP .

    $default  reduce using rule 21 (term)


State 20

   22 term: EQ .

    $default  reduce using rule 22 (term)


State 21

   23 term: LEQ .

    $default  reduce using rule 23 (term)


State 22

   24 term: GEQ .

    $default  reduce using rule 24 (term)


State 23

   25 term: MIN .

    $default  reduce using rule 25 (term)


State 24

   26 term: MAX .

    $default  reduce using rule 26 (term)


State 25

   27 term: NEQ .

    $default  reduce using rule 27 (term)


State 26

   28 term: ADDASS .

    $default  reduce using rule 28 (term)


State 27

   29 term: SUBASS .

    $default  reduce using rule 29 (term)


State 28

   30 term: MULASS .

    $default  reduce using rule 30 (term)


State 29

   31 term: DIVASS .

    $default  reduce using rule 31 (term)


State 30

   32 term: INC .

    $default  reduce using rule 32 (term)


State 31

   33 term: DEC .

    $default  reduce using rule 33 (term)


State 32

   34 term: ID .

    $default  reduce using rule 34 (term)


State 33

   35 term: NUMCONST .

    $default  reduce using rule 35 (term)


State 34

   36 term: CHARCONST .

    $default  reduce using rule 36 (term)


State 35

   37 term: STRINGCONST .

    $default  reduce using rule 37 (term)


State 36

   38 term: PRECOMPILER .

    $default  reduce using rule 38 (term)


State 37

   39 term: ERROR .

    $default  reduce using rule 39 (term)


State 38

    0 $accept: program . $end
    1 program: program . term

    $end         shift, and go to state 40
    AND          shift, and go to state 1
    BOOL         shift, and go to state 2
    BREAK        shift, and go to state 3
    BY           shift, and go to state 4
    CHAR         shift, and go to state 5
    DO           shift, and go to state 6
    ELSE         shift, and go to state 7
    FOR          shift, and go to state 8
    IF           shift, and go to state 9
    INT          shift, and go to state 10
    NOT          shift, and go to state 11
    OR           shift, and go to state 12
    RETURN       shift, and go to state 13
    STATIC       shift, and go to state 14
    THEN         shift, and go to state 15
    TO           shift, and go to state 16
    WHILE        shift, and go to state 17
    BOOLCONST    shift, and go to state 18
    OP           shift, and go to state 19
    EQ           shift, and go to state 20
    LEQ          shift, and go to state 21
    GEQ          shift, and go to state 22
    MIN          shift, and go to state 23
    MAX          shift, and go to state 24
    NEQ          shift, and go to state 25
    ADDASS       shift, and go to state 26
    SUBASS       shift, and go to state 27
    MULASS       shift, and go to state 28
    DIVASS       shift, and go to state 29
    INC          shift, and go to state 30
    DEC          shift, and go to state 31
    ID           shift, and go to state 32
    NUMCONST     shift, and go to state 33
    CHARCONST    shift, and go to state 34
    STRINGCONST  shift, and go to state 35
    PRECOMPILER  shift, and go to state 36
    ERROR        shift, and go to state 37

    term  go to state 41


State 39

    2 program: term .

    $default  reduce using rule 2 (program)


State 40

    0 $accept: program $end .

    $default  accept


State 41

    1 program: program term .

    $default  reduce using rule 1 (program)
